<?xml version="1.0" encoding="UTF-8"?>
<coverage generated="1565776797">
  <project timestamp="1565776797">
    <package name="App\Console">
      <file name="/application/app/Console/Kernel.php">
        <class name="App\Console\Kernel" namespace="App\Console">
          <metrics complexity="2" methods="2" coveredmethods="2" conditionals="0" coveredconditionals="0" statements="3" coveredstatements="3" elements="5" coveredelements="5"/>
        </class>
        <line num="25" type="method" name="schedule" visibility="protected" complexity="1" crap="1" count="11"/>
        <line num="29" type="stmt" count="11"/>
        <line num="36" type="method" name="commands" visibility="protected" complexity="1" crap="1" count="11"/>
        <line num="38" type="stmt" count="11"/>
        <line num="39" type="stmt" count="11"/>
        <metrics loc="40" ncloc="18" classes="1" methods="2" coveredmethods="2" conditionals="0" coveredconditionals="0" statements="3" coveredstatements="3" elements="5" coveredelements="5"/>
      </file>
    </package>
    <package name="App\Exceptions">
      <file name="/application/app/Exceptions/Handler.php">
        <class name="App\Exceptions\Handler" namespace="App\Exceptions">
          <metrics complexity="4" methods="3" coveredmethods="0" conditionals="0" coveredconditionals="0" statements="6" coveredstatements="0" elements="9" coveredelements="0"/>
        </class>
        <line num="33" type="method" name="report" visibility="public" complexity="1" crap="2.00" count="0"/>
        <line num="35" type="stmt" count="0"/>
        <line num="36" type="stmt" count="0"/>
        <line num="45" type="method" name="render" visibility="public" complexity="1" crap="2.00" count="0"/>
        <line num="47" type="stmt" count="0"/>
        <line num="57" type="method" name="unauthenticated" visibility="protected" complexity="2" crap="6.00" count="0"/>
        <line num="59" type="stmt" count="0"/>
        <line num="60" type="stmt" count="0"/>
        <line num="63" type="stmt" count="0"/>
        <metrics loc="65" ncloc="38" classes="1" methods="3" coveredmethods="0" conditionals="0" coveredconditionals="0" statements="6" coveredstatements="0" elements="9" coveredelements="0"/>
      </file>
    </package>
    <package name="App\Http\Controllers">
      <file name="/application/app/Http/Controllers/Controller.php">
        <class name="App\Http\Controllers\Controller" namespace="App\Http\Controllers">
          <metrics complexity="0" methods="0" coveredmethods="0" conditionals="0" coveredconditionals="0" statements="0" coveredstatements="0" elements="0" coveredelements="0"/>
        </class>
        <metrics loc="13" ncloc="13" classes="0" methods="0" coveredmethods="0" conditionals="0" coveredconditionals="0" statements="0" coveredstatements="0" elements="0" coveredelements="0"/>
      </file>
      <file name="/application/app/Http/Controllers/DataController.php">
        <class name="App\Http\Controllers\DataController" namespace="App\Http\Controllers">
          <metrics complexity="2" methods="2" coveredmethods="1" conditionals="0" coveredconditionals="0" statements="2" coveredstatements="1" elements="4" coveredelements="2"/>
        </class>
        <line num="12" type="method" name="getData" visibility="public" complexity="1" crap="1" count="1"/>
        <line num="14" type="stmt" count="1"/>
        <line num="20" type="method" name="testingData2" visibility="public" complexity="1" crap="2.00" count="0"/>
        <line num="22" type="stmt" count="0"/>
        <metrics loc="24" ncloc="18" classes="1" methods="2" coveredmethods="1" conditionals="0" coveredconditionals="0" statements="2" coveredstatements="1" elements="4" coveredelements="2"/>
      </file>
      <file name="/application/app/Http/Controllers/UserController.php">
        <class name="App\Http\Controllers\UserController" namespace="App\Http\Controllers">
          <metrics complexity="5" methods="5" coveredmethods="5" conditionals="0" coveredconditionals="0" statements="8" coveredstatements="8" elements="13" coveredelements="13"/>
        </class>
        <line num="13" type="method" name="index" visibility="public" complexity="1" crap="1" count="2"/>
        <line num="15" type="stmt" count="2"/>
        <line num="23" type="method" name="store" visibility="public" complexity="1" crap="1" count="2"/>
        <line num="25" type="stmt" count="2"/>
        <line num="26" type="stmt" count="2"/>
        <line num="33" type="method" name="show" visibility="public" complexity="1" crap="1" count="2"/>
        <line num="35" type="stmt" count="2"/>
        <line num="43" type="method" name="update" visibility="public" complexity="1" crap="1" count="2"/>
        <line num="45" type="stmt" count="2"/>
        <line num="46" type="stmt" count="2"/>
        <line num="54" type="method" name="destroy" visibility="public" complexity="1" crap="1" count="2"/>
        <line num="56" type="stmt" count="2"/>
        <line num="57" type="stmt" count="2"/>
        <metrics loc="58" ncloc="36" classes="1" methods="5" coveredmethods="5" conditionals="0" coveredconditionals="0" statements="8" coveredstatements="8" elements="13" coveredelements="13"/>
      </file>
    </package>
    <package name="App\Http">
      <file name="/application/app/Http/Kernel.php">
        <class name="App\Http\Kernel" namespace="App\Http">
          <metrics complexity="0" methods="0" coveredmethods="0" conditionals="0" coveredconditionals="0" statements="0" coveredstatements="0" elements="0" coveredelements="0"/>
        </class>
        <metrics loc="60" ncloc="41" classes="0" methods="0" coveredmethods="0" conditionals="0" coveredconditionals="0" statements="0" coveredstatements="0" elements="0" coveredelements="0"/>
      </file>
    </package>
    <package name="App\Http\Middleware">
      <file name="/application/app/Http/Middleware/EncryptCookies.php">
        <class name="App\Http\Middleware\EncryptCookies" namespace="App\Http\Middleware">
          <metrics complexity="0" methods="0" coveredmethods="0" conditionals="0" coveredconditionals="0" statements="0" coveredstatements="0" elements="0" coveredelements="0"/>
        </class>
        <metrics loc="17" ncloc="10" classes="0" methods="0" coveredmethods="0" conditionals="0" coveredconditionals="0" statements="0" coveredstatements="0" elements="0" coveredelements="0"/>
      </file>
      <file name="/application/app/Http/Middleware/RedirectIfAuthenticated.php">
        <class name="App\Http\Middleware\RedirectIfAuthenticated" namespace="App\Http\Middleware">
          <metrics complexity="2" methods="1" coveredmethods="0" conditionals="0" coveredconditionals="0" statements="3" coveredstatements="0" elements="4" coveredelements="0"/>
        </class>
        <line num="18" type="method" name="handle" visibility="public" complexity="2" crap="6.00" count="0"/>
        <line num="20" type="stmt" count="0"/>
        <line num="21" type="stmt" count="0"/>
        <line num="24" type="stmt" count="0"/>
        <metrics loc="26" ncloc="18" classes="1" methods="1" coveredmethods="0" conditionals="0" coveredconditionals="0" statements="3" coveredstatements="0" elements="4" coveredelements="0"/>
      </file>
      <file name="/application/app/Http/Middleware/TrustProxies.php">
        <class name="App\Http\Middleware\TrustProxies" namespace="App\Http\Middleware">
          <metrics complexity="0" methods="0" coveredmethods="0" conditionals="0" coveredconditionals="0" statements="0" coveredstatements="0" elements="0" coveredelements="0"/>
        </class>
        <metrics loc="23" ncloc="13" classes="0" methods="0" coveredmethods="0" conditionals="0" coveredconditionals="0" statements="0" coveredstatements="0" elements="0" coveredelements="0"/>
      </file>
      <file name="/application/app/Http/Middleware/VerifyCsrfToken.php">
        <class name="App\Http\Middleware\VerifyCsrfToken" namespace="App\Http\Middleware">
          <metrics complexity="0" methods="0" coveredmethods="0" conditionals="0" coveredconditionals="0" statements="0" coveredstatements="0" elements="0" coveredelements="0"/>
        </class>
        <metrics loc="17" ncloc="10" classes="0" methods="0" coveredmethods="0" conditionals="0" coveredconditionals="0" statements="0" coveredstatements="0" elements="0" coveredelements="0"/>
      </file>
    </package>
    <package name="App\Models">
      <file name="/application/app/Models/User.php">
        <class name="App\Models\User" namespace="App\Models">
          <metrics complexity="4" methods="4" coveredmethods="1" conditionals="0" coveredconditionals="0" statements="5" coveredstatements="2" elements="9" coveredelements="3"/>
        </class>
        <line num="39" type="method" name="setPasswordAttribute" visibility="public" complexity="1" crap="1" count="10"/>
        <line num="41" type="stmt" count="10"/>
        <line num="42" type="stmt" count="10"/>
        <line num="49" type="method" name="getJWTIdentifier" visibility="public" complexity="1" crap="2.00" count="0"/>
        <line num="51" type="stmt" count="0"/>
        <line num="59" type="method" name="getJWTCustomClaims" visibility="public" complexity="1" crap="2.00" count="0"/>
        <line num="61" type="stmt" count="0"/>
        <line num="67" type="method" name="providers" visibility="public" complexity="1" crap="2.00" count="0"/>
        <line num="69" type="stmt" count="0"/>
        <metrics loc="72" ncloc="43" classes="1" methods="4" coveredmethods="1" conditionals="0" coveredconditionals="0" statements="5" coveredstatements="2" elements="9" coveredelements="3"/>
      </file>
    </package>
    <package name="App\Providers">
      <file name="/application/app/Providers/AppServiceProvider.php">
        <class name="App\Providers\AppServiceProvider" namespace="App\Providers">
          <metrics complexity="2" methods="2" coveredmethods="2" conditionals="0" coveredconditionals="0" statements="2" coveredstatements="2" elements="4" coveredelements="4"/>
        </class>
        <line num="14" type="method" name="boot" visibility="public" complexity="1" crap="1" count="11"/>
        <line num="17" type="stmt" count="11"/>
        <line num="24" type="method" name="register" visibility="public" complexity="1" crap="1" count="11"/>
        <line num="27" type="stmt" count="11"/>
        <metrics loc="28" ncloc="14" classes="1" methods="2" coveredmethods="2" conditionals="0" coveredconditionals="0" statements="2" coveredstatements="2" elements="4" coveredelements="4"/>
      </file>
      <file name="/application/app/Providers/AuthServiceProvider.php">
        <class name="App\Providers\AuthServiceProvider" namespace="App\Providers">
          <metrics complexity="1" methods="1" coveredmethods="1" conditionals="0" coveredconditionals="0" statements="2" coveredstatements="2" elements="3" coveredelements="3"/>
        </class>
        <line num="24" type="method" name="boot" visibility="public" complexity="1" crap="1" count="11"/>
        <line num="26" type="stmt" count="11"/>
        <line num="29" type="stmt" count="11"/>
        <metrics loc="30" ncloc="18" classes="1" methods="1" coveredmethods="1" conditionals="0" coveredconditionals="0" statements="2" coveredstatements="2" elements="3" coveredelements="3"/>
      </file>
      <file name="/application/app/Providers/BroadcastServiceProvider.php">
        <class name="App\Providers\BroadcastServiceProvider" namespace="App\Providers">
          <metrics complexity="1" methods="1" coveredmethods="0" conditionals="0" coveredconditionals="0" statements="4" coveredstatements="0" elements="5" coveredelements="0"/>
        </class>
        <line num="15" type="method" name="boot" visibility="public" complexity="1" crap="2.00" count="0"/>
        <line num="17" type="stmt" count="0"/>
        <line num="23" type="stmt" count="0"/>
        <line num="24" type="stmt" count="0"/>
        <line num="25" type="stmt" count="0"/>
        <metrics loc="26" ncloc="18" classes="1" methods="1" coveredmethods="0" conditionals="0" coveredconditionals="0" statements="4" coveredstatements="0" elements="5" coveredelements="0"/>
      </file>
      <file name="/application/app/Providers/EventServiceProvider.php">
        <class name="App\Providers\EventServiceProvider" namespace="App\Providers">
          <metrics complexity="1" methods="1" coveredmethods="1" conditionals="0" coveredconditionals="0" statements="2" coveredstatements="2" elements="3" coveredelements="3"/>
        </class>
        <line num="26" type="method" name="boot" visibility="public" complexity="1" crap="1" count="11"/>
        <line num="28" type="stmt" count="11"/>
        <line num="31" type="stmt" count="11"/>
        <metrics loc="32" ncloc="20" classes="1" methods="1" coveredmethods="1" conditionals="0" coveredconditionals="0" statements="2" coveredstatements="2" elements="3" coveredelements="3"/>
      </file>
      <file name="/application/app/Providers/RouteServiceProvider.php">
        <class name="App\Providers\RouteServiceProvider" namespace="App\Providers">
          <metrics complexity="4" methods="4" coveredmethods="4" conditionals="0" coveredconditionals="0" statements="18" coveredstatements="18" elements="22" coveredelements="22"/>
        </class>
        <line num="24" type="method" name="boot" visibility="public" complexity="1" crap="1" count="11"/>
        <line num="28" type="stmt" count="11"/>
        <line num="29" type="stmt" count="11"/>
        <line num="36" type="method" name="map" visibility="public" complexity="1" crap="1" count="11"/>
        <line num="38" type="stmt" count="11"/>
        <line num="40" type="stmt" count="11"/>
        <line num="43" type="stmt" count="11"/>
        <line num="52" type="method" name="mapWebRoutes" visibility="protected" complexity="1" crap="1" count="11"/>
        <line num="54" type="stmt" count="11"/>
        <line num="55" type="stmt" count="11"/>
        <line num="56" type="stmt" count="11"/>
        <line num="58" type="stmt" count="11"/>
        <line num="59" type="stmt" count="11"/>
        <line num="60" type="stmt" count="11"/>
        <line num="69" type="method" name="mapApiRoutes" visibility="protected" complexity="1" crap="1" count="11"/>
        <line num="71" type="stmt" count="11"/>
        <line num="72" type="stmt" count="11"/>
        <line num="73" type="stmt" count="11"/>
        <line num="74" type="stmt" count="11"/>
        <line num="76" type="stmt" count="11"/>
        <line num="77" type="stmt" count="11"/>
        <line num="78" type="stmt" count="11"/>
        <metrics loc="79" ncloc="44" classes="1" methods="4" coveredmethods="4" conditionals="0" coveredconditionals="0" statements="18" coveredstatements="18" elements="22" coveredelements="22"/>
      </file>
    </package>
    <metrics files="16" loc="610" ncloc="372" classes="11" methods="26" coveredmethods="17" conditionals="0" coveredconditionals="0" statements="55" coveredstatements="38" elements="81" coveredelements="55"/>
  </project>
</coverage>
