<?xml version="1.0" encoding="UTF-8"?>
<coverage generated="1565677564">
  <file path="/application/app/Console/Kernel.php">
    <lineToCover lineNumber="25" type="method" name="schedule" visibility="protected" complexity="1" crap="1" covered="true"/>
    <lineToCover lineNumber="29" type="stmt" covered="true"/>
    <lineToCover lineNumber="36" type="method" name="commands" visibility="protected" complexity="1" crap="1" covered="true"/>
    <lineToCover lineNumber="38" type="stmt" covered="true"/>
    <lineToCover lineNumber="39" type="stmt" covered="true"/>
  </file>
  <file path="/application/app/Exceptions/Handler.php">
    <lineToCover lineNumber="33" type="method" name="report" visibility="public" complexity="1" crap="2.00" covered="false"/>
    <lineToCover lineNumber="35" type="stmt" covered="false"/>
    <lineToCover lineNumber="36" type="stmt" covered="false"/>
    <lineToCover lineNumber="45" type="method" name="render" visibility="public" complexity="1" crap="2.00" covered="false"/>
    <lineToCover lineNumber="47" type="stmt" covered="false"/>
    <lineToCover lineNumber="57" type="method" name="unauthenticated" visibility="protected" complexity="2" crap="6.00" covered="false"/>
    <lineToCover lineNumber="59" type="stmt" covered="false"/>
    <lineToCover lineNumber="60" type="stmt" covered="false"/>
    <lineToCover lineNumber="63" type="stmt" covered="false"/>
  </file>
  <file path="/application/app/Http/Controllers/Controller.php">
  </file>
  <file path="/application/app/Http/Controllers/TestController.php">
    <lineToCover lineNumber="12" type="method" name="testingData" visibility="public" complexity="1" crap="1" covered="true"/>
    <lineToCover lineNumber="14" type="stmt" covered="true"/>
    <lineToCover lineNumber="20" type="method" name="testingData2" visibility="public" complexity="1" crap="1" covered="true"/>
    <lineToCover lineNumber="22" type="stmt" covered="true"/>
  </file>
  <file path="/application/app/Http/Kernel.php">
  </file>
  <file path="/application/app/Http/Middleware/EncryptCookies.php">
  </file>
  <file path="/application/app/Http/Middleware/RedirectIfAuthenticated.php">
    <lineToCover lineNumber="18" type="method" name="handle" visibility="public" complexity="2" crap="6.00" covered="false"/>
    <lineToCover lineNumber="20" type="stmt" covered="false"/>
    <lineToCover lineNumber="21" type="stmt" covered="false"/>
    <lineToCover lineNumber="24" type="stmt" covered="false"/>
  </file>
  <file path="/application/app/Http/Middleware/TrustProxies.php">
  </file>
  <file path="/application/app/Http/Middleware/VerifyCsrfToken.php">
  </file>
  <file path="/application/app/Models/SocialAccovered">
    <lineToCover lineNumber="26" type="method" name="user" visibility="public" complexity="1" crap="2.00" covered="false"/>
    <lineToCover lineNumber="28" type="stmt" covered="false"/>
  </file>
  <file path="/application/app/Models/User.php">
    <lineToCover lineNumber="39" type="method" name="setPasswordAttribute" visibility="public" complexity="1" crap="2.00" covered="false"/>
    <lineToCover lineNumber="41" type="stmt" covered="false"/>
    <lineToCover lineNumber="42" type="stmt" covered="false"/>
    <lineToCover lineNumber="49" type="method" name="getJWTIdentifier" visibility="public" complexity="1" crap="2.00" covered="false"/>
    <lineToCover lineNumber="51" type="stmt" covered="false"/>
    <lineToCover lineNumber="59" type="method" name="getJWTCustomClaims" visibility="public" complexity="1" crap="2.00" covered="false"/>
    <lineToCover lineNumber="61" type="stmt" covered="false"/>
    <lineToCover lineNumber="67" type="method" name="providers" visibility="public" complexity="1" crap="2.00" covered="false"/>
    <lineToCover lineNumber="69" type="stmt" covered="false"/>
  </file>
  <file path="/application/app/Providers/AppServiceProvider.php">
    <lineToCover lineNumber="14" type="method" name="boot" visibility="public" complexity="1" crap="1" covered="true"/>
    <lineToCover lineNumber="17" type="stmt" covered="true"/>
    <lineToCover lineNumber="24" type="method" name="register" visibility="public" complexity="1" crap="1" covered="true"/>
    <lineToCover lineNumber="27" type="stmt" covered="true"/>
  </file>
  <file path="/application/app/Providers/AuthServiceProvider.php">
    <lineToCover lineNumber="24" type="method" name="boot" visibility="public" complexity="1" crap="1" covered="true"/>
    <lineToCover lineNumber="26" type="stmt" covered="true"/>
    <lineToCover lineNumber="29" type="stmt" covered="true"/>
  </file>
  <file path="/application/app/Providers/BroadcastServiceProvider.php">
    <lineToCover lineNumber="15" type="method" name="boot" visibility="public" complexity="1" crap="2.00" covered="false"/>
    <lineToCover lineNumber="17" type="stmt" covered="false"/>
    <lineToCover lineNumber="23" type="stmt" covered="false"/>
    <lineToCover lineNumber="24" type="stmt" covered="false"/>
    <lineToCover lineNumber="25" type="stmt" covered="false"/>
  </file>
  <file path="/application/app/Providers/EventServiceProvider.php">
    <lineToCover lineNumber="26" type="method" name="boot" visibility="public" complexity="1" crap="1" covered="true"/>
    <lineToCover lineNumber="28" type="stmt" covered="true"/>
    <lineToCover lineNumber="31" type="stmt" covered="true"/>
  </file>
  <file path="/application/app/Providers/RouteServiceProvider.php">
    <lineToCover lineNumber="24" type="method" name="boot" visibility="public" complexity="1" crap="1" covered="true"/>
    <lineToCover lineNumber="28" type="stmt" covered="true"/>
    <lineToCover lineNumber="29" type="stmt" covered="true"/>
    <lineToCover lineNumber="36" type="method" name="map" visibility="public" complexity="1" crap="1" covered="true"/>
    <lineToCover lineNumber="38" type="stmt" covered="true"/>
    <lineToCover lineNumber="40" type="stmt" covered="true"/>
    <lineToCover lineNumber="43" type="stmt" covered="true"/>
    <lineToCover lineNumber="52" type="method" name="mapWebRoutes" visibility="protected" complexity="1" crap="1" covered="true"/>
    <lineToCover lineNumber="54" type="stmt" covered="true"/>
    <lineToCover lineNumber="55" type="stmt" covered="true"/>
    <lineToCover lineNumber="56" type="stmt" covered="true"/>
    <lineToCover lineNumber="58" type="stmt" covered="true"/>
    <lineToCover lineNumber="59" type="stmt" covered="true"/>
    <lineToCover lineNumber="60" type="stmt" covered="true"/>
    <lineToCover lineNumber="69" type="method" name="mapApiRoutes" visibility="protected" complexity="1" crap="1" covered="true"/>
    <lineToCover lineNumber="71" type="stmt" covered="true"/>
    <lineToCover lineNumber="72" type="stmt" covered="true"/>
    <lineToCover lineNumber="73" type="stmt" covered="true"/>
    <lineToCover lineNumber="74" type="stmt" covered="true"/>
    <lineToCover lineNumber="76" type="stmt" covered="true"/>
    <lineToCover lineNumber="77" type="stmt" covered="true"/>
    <lineToCover lineNumber="78" type="stmt" covered="true"/>
  </file>
</coverage>
